Removed Pin From Net: NetName=EN Pin=U?-7
Removed Pin From Net: NetName=JOY_SEL Pin=U?-10
Removed Pin From Net: NetName=JOY_H Pin=U?-11
Removed Pin From Net: NetName=JOY_V Pin=U?-12
Removed Pin From Net: NetName=RF_DATA Pin=U?-13
Removed Pin From Net: NetName=SW_L Pin=U?-18
Removed Pin From Net: NetName=SW_R Pin=U?-19
Removed Pin From Net: NetName=DBG_LED Pin=U?-21
Removed Pin From Net: NetName=MCU_TX Pin=U?-30
Removed Pin From Net: NetName=MCU_RX Pin=U?-31
Removed Pin From Net: NetName=USB_D_N Pin=U?-32
Removed Pin From Net: NetName=USB_D_P Pin=U?-33
Removed Pin From Net: NetName=SWDIO Pin=U?-34
Removed Pin From Net: NetName=SWCLK Pin=U?-37
Removed Pin From Net: NetName=D_SDA Pin=U?-43
Removed Pin From Net: NetName=D_SCL Pin=U?-45
Removed Member From Class: ClassName=TX Member=U?
Change Component Designator: OldDesignator=C? NewDesignator=C3
Change Component Designator: OldDesignator=C? NewDesignator=C4
Change Component Designator: OldDesignator=C? NewDesignator=C14
Change Component Designator: OldDesignator=C? NewDesignator=C15
Change Component Designator: OldDesignator=C? NewDesignator=C16
Change Component Designator: OldDesignator=C? NewDesignator=C17
Change Component Designator: OldDesignator=D? NewDesignator=D2
Change Component Designator: OldDesignator=D? NewDesignator=D3
Change Component Designator: OldDesignator=P? NewDesignator=P2
Change Component Designator: OldDesignator=P? NewDesignator=P3
Change Component Designator: OldDesignator=Q? NewDesignator=Q1
Change Component Designator: OldDesignator=R? NewDesignator=R11
Change Component Designator: OldDesignator=U? NewDesignator=U2
Change Component Designator: OldDesignator=U? NewDesignator=U3
Change Component Designator: OldDesignator=U? NewDesignator=U4
Change Component Designator: OldDesignator=U? NewDesignator=U5
Change Component Designator: OldDesignator=Xtal? NewDesignator=Xtal1
Added Pin To Net: NetName=EN Pin=U2-7
Added Pin To Net: NetName=JOY_SEL Pin=U2-10
Added Pin To Net: NetName=JOY_H Pin=U2-11
Added Pin To Net: NetName=JOY_V Pin=U2-12
Added Pin To Net: NetName=RF_DATA Pin=U2-13
Added Pin To Net: NetName=SW_L Pin=U2-18
Added Pin To Net: NetName=SW_R Pin=U2-19
Added Pin To Net: NetName=DBG_LED Pin=U2-21
Added Pin To Net: NetName=MCU_TX Pin=U2-30
Added Pin To Net: NetName=MCU_RX Pin=U2-31
Added Pin To Net: NetName=USB_D_N Pin=U2-32
Added Pin To Net: NetName=USB_D_P Pin=U2-33
Added Pin To Net: NetName=SWDIO Pin=U2-34
Added Pin To Net: NetName=SWCLK Pin=U2-37
Added Pin To Net: NetName=D_SDA Pin=U2-43
Added Pin To Net: NetName=D_SCL Pin=U2-45
Change Net Name : Old Net Name=NetC?_1 New Net Name=NetC3_1
Change Net Name : Old Net Name=NetC?_2 New Net Name=NetC17_2
Change Net Name : Old Net Name=NetD?_2 New Net Name=NetD2_2
Added Pin To Net: NetName=NetC4_1 Pin=C4-1
Added Pin To Net: NetName=NetC4_1 Pin=U2-36
Added Net: Name=NetC4_1
Added Pin To Net: NetName=NetC14_1 Pin=C14-1
Added Pin To Net: NetName=NetC14_1 Pin=U2-9
Added Pin To Net: NetName=NetC14_1 Pin=U2-48
Added Net: Name=NetC14_1
Added Pin To Net: NetName=NetC16_2 Pin=C16-2
Added Pin To Net: NetName=NetC16_2 Pin=Xtal1-2
Added Net: Name=NetC16_2
Added Pin To Net: NetName=NetD3_2 Pin=D3-2
Added Pin To Net: NetName=NetD3_2 Pin=R11-2
Added Net: Name=NetD3_2
Added Pin To Net: NetName=NetU2_5 Pin=U2-5
Added Pin To Net: NetName=NetU2_5 Pin=Xtal1-1
Added Net: Name=NetU2_5
Added Pin To Net: NetName=NetU2_6 Pin=U2-6
Added Pin To Net: NetName=NetU2_6 Pin=Xtal1-3
Added Net: Name=NetU2_6
Added Member To Class: ClassName=TX Member=Component C3 100n
Added Member To Class: ClassName=TX Member=Component C4 100n
Added Member To Class: ClassName=TX Member=Component C14 100n
Added Member To Class: ClassName=TX Member=Component C15 4.7u
Added Member To Class: ClassName=TX Member=Component C16 15p
Added Member To Class: ClassName=TX Member=Component D2 Green
Added Member To Class: ClassName=TX Member=Component P3 PH1-04-UA
Added Member To Class: ClassName=TX Member=Component U2 STM32F103C6T6A
Added Member To Class: ClassName=TX Member=Component U3 AMS1117-5.0
Added Member To Class: ClassName=RX Member=Component U5 ATMEGA328P-AU
