Change Component Designator: Old Designator=C1 New Designator=C100
Change Component Designator: Old Designator=C2 New Designator=C101
Change Component Designator: Old Designator=C3 New Designator=C102
Change Component Designator: Old Designator=C4 New Designator=C103
Change Component Designator: Old Designator=C5 New Designator=C106
Change Component Designator: Old Designator=C6 New Designator=C108
Change Component Designator: Old Designator=C7 New Designator=C107
Change Component Designator: Old Designator=C8 New Designator=C110
Change Component Designator: Old Designator=C9 New Designator=C111
Change Component Designator: Old Designator=C10 New Designator=C112
Change Component Designator: Old Designator=C11 New Designator=C109
Change Component Designator: Old Designator=C12 New Designator=C113
Change Component Designator: Old Designator=C13 New Designator=C114
Change Component Designator: Old Designator=C14 New Designator=C104
Change Component Designator: Old Designator=C15 New Designator=C105
Change Component Designator: Old Designator=C16 New Designator=C115
Change Component Designator: Old Designator=C17 New Designator=C116
Change Component Designator: Old Designator=D1 New Designator=D100
Change Component Designator: Old Designator=D2 New Designator=D101
Change Component Designator: Old Designator=D3 New Designator=D102
Change Component Designator: Old Designator=J1 New Designator=J100
Change Component Designator: Old Designator=P1 New Designator=P102
Change Component Designator: Old Designator=P2 New Designator=P100
Change Component Designator: Old Designator=P3 New Designator=P101
Change Component Designator: Old Designator=R1 New Designator=R100
Change Component Designator: Old Designator=R2 New Designator=R101
Change Component Designator: Old Designator=R3 New Designator=R102
Change Component Designator: Old Designator=R4 New Designator=R104
Change Component Designator: Old Designator=R5 New Designator=R107
Change Component Designator: Old Designator=R6 New Designator=R108
Change Component Designator: Old Designator=R7 New Designator=R109
Change Component Designator: Old Designator=R8 New Designator=R110
Change Component Designator: Old Designator=R9 New Designator=R111
Change Component Designator: Old Designator=R10 New Designator=R112
Change Component Designator: Old Designator=R11 New Designator=R103
Change Component Designator: Old Designator=R13 New Designator=R105
Change Component Designator: Old Designator=R14 New Designator=R106
Change Component Designator: Old Designator=R15 New Designator=R113
Change Component Designator: Old Designator=R16 New Designator=R115
Change Component Designator: Old Designator=R17 New Designator=R114
Change Component Designator: Old Designator=R18 New Designator=R116
Change Component Designator: Old Designator=S1 New Designator=S100
Change Component Designator: Old Designator=S3 New Designator=S101
Change Component Designator: Old Designator=SW1 New Designator=SW100
Change Component Designator: Old Designator=SW2 New Designator=SW101
Change Component Designator: Old Designator=SW3 New Designator=SW102
Change Component Designator: Old Designator=U1 New Designator=U100
Change Component Designator: Old Designator=U2 New Designator=U101
Change Component Designator: Old Designator=U2 New Designator=U101
Change Component Designator: Old Designator=U3 New Designator=U102
Change Component Designator: Old Designator=Xtal1 New Designator=Xtal100
