Removed Pin From Net: NetName=GND Pin=P300--
Removed Pin From Net: NetName=BAT_+ Pin=P300-+
Removed Member From Class: ClassName=Power Member=D310
Removed Member From Class: ClassName=Power Member=P300
Change Component Designator: OldDesignator=C1 NewDesignator=C200
Change Component Designator: OldDesignator=C2 NewDesignator=C201
Change Component Designator: OldDesignator=C3 NewDesignator=C202
Change Component Designator: OldDesignator=C6 NewDesignator=C203
Change Component Designator: OldDesignator=C7 NewDesignator=C204
Change Component Designator: OldDesignator=C8 NewDesignator=C205
Change Component Designator: OldDesignator=C301 NewDesignator=C303
Change Component Designator: OldDesignator=C302 NewDesignator=C301
Change Component Designator: OldDesignator=C303 NewDesignator=C304
Change Component Designator: OldDesignator=C304 NewDesignator=C302
Change Component Designator: OldDesignator=C306 NewDesignator=C305
Change Component Designator: OldDesignator=C400 NewDesignator=C401
Change Component Designator: OldDesignator=C401 NewDesignator=C402
Change Component Designator: OldDesignator=C402 NewDesignator=C403
Change Component Designator: OldDesignator=C403 NewDesignator=C400
Change Component Designator: OldDesignator=D301 NewDesignator=D302
Change Component Designator: OldDesignator=D304 NewDesignator=D303
Change Component Designator: OldDesignator=D305 NewDesignator=D304
Change Component Designator: OldDesignator=D306 NewDesignator=D305
Change Component Designator: OldDesignator=D307 NewDesignator=D306
Change Component Designator: OldDesignator=D310 NewDesignator=D301
Change Component Designator: OldDesignator=P502 NewDesignator=P501
Change Component Designator: OldDesignator=P503 NewDesignator=P502
Change Component Designator: OldDesignator=R1 NewDesignator=R200
Change Component Designator: OldDesignator=R2 NewDesignator=R201
Change Component Designator: OldDesignator=R3 NewDesignator=R202
Change Component Designator: OldDesignator=R4 NewDesignator=R203
Change Component Designator: OldDesignator=R5 NewDesignator=R204
Change Component Designator: OldDesignator=R6 NewDesignator=R205
Change Component Designator: OldDesignator=R7 NewDesignator=R206
Change Component Designator: OldDesignator=R8 NewDesignator=R207
Change Component Designator: OldDesignator=R304 NewDesignator=R300
Change Component Designator: OldDesignator=R305 NewDesignator=R301
Change Component Designator: OldDesignator=R306 NewDesignator=R302
Change Component Designator: OldDesignator=R307 NewDesignator=R303
Change Component Designator: OldDesignator=R308 NewDesignator=R304
Change Component Designator: OldDesignator=R310 NewDesignator=R305
Change Component Designator: OldDesignator=R400 NewDesignator=R401
Change Component Designator: OldDesignator=R401 NewDesignator=R400
Change Component Designator: OldDesignator=R404 NewDesignator=R405
Change Component Designator: OldDesignator=R405 NewDesignator=R406
Change Component Designator: OldDesignator=R406 NewDesignator=R404
Change Component Designator: OldDesignator=U1 NewDesignator=U200
Change Component Designator: OldDesignator=U2 NewDesignator=U201
Added Component: Designator=J300(XT30U-F)
Add component (AddParameter): Name = "Case/Package"; Value = "Non-standard"; VariantName = "[No Variations]"
Add component (AddParameter): Name = "Color"; Value = "Yellow"; VariantName = "[No Variations]"
Add component (AddParameter): Name = "Contact Material"; Value = "Brass"; VariantName = "[No Variations]"
Add component (AddParameter): Name = "Manufacturer"; Value = "AMASS"; VariantName = "[No Variations]"
Add component (AddParameter): Name = "Mount"; Value = "SMD"; VariantName = "[No Variations]"
Add component (AddParameter): Name = "Orientation"; Value = "Straight"; VariantName = "[No Variations]"
Add component (AddParameter): Name = "Part number"; Value = "XT30U-F"; VariantName = "[No Variations]"
Add component (AddParameter): Name = "Pins"; Value = "2"; VariantName = "[No Variations]"
Add component (AddParameter): Name = "RoHS"; Value = "Yes"; VariantName = "[No Variations]"
Added Pin To Net: NetName=BAT_+ Pin=J300-1
Added Pin To Net: NetName=GND Pin=J300-2
Change Net Name : Old Net Name=NetC301_2 New Net Name=NetC303_2
Change Net Name : Old Net Name=NetC403_2 New Net Name=NetC400_2
Change Net Name : Old Net Name=NetD301_1 New Net Name=NetD302_1
Change Net Name : Old Net Name=NetD304_2 New Net Name=NetD303_2
Change Net Name : Old Net Name=NetD305_2 New Net Name=NetD304_2
Change Net Name : Old Net Name=NetD306_2 New Net Name=NetD305_2
Change Net Name : Old Net Name=NetD307_2 New Net Name=NetD306_2
Change Net Name : Old Net Name=NetD310_1 New Net Name=NetD301_1
Change Net Name : Old Net Name=NetR1_1 New Net Name=NetR200_1
Change Net Name : Old Net Name=NetR2_2 New Net Name=NetR201_2
Change Net Name : Old Net Name=NetR3_2 New Net Name=NetR202_2
Change Net Name : Old Net Name=NetR4_2 New Net Name=NetR203_2
Change Net Name : Old Net Name=NetR5_2 New Net Name=NetR204_2
Change Net Name : Old Net Name=NetR6_2 New Net Name=NetR205_2
Change Net Name : Old Net Name=NetR7_2 New Net Name=NetR206_2
Change Net Name : Old Net Name=NetR8_2 New Net Name=NetR207_2
Change Net Name : Old Net Name=NetR304_1 New Net Name=NetR300_1
Added Member To Class: ClassName=Power Member=Component D302 VSSAF3M10HM3/H
Added Member To Class: ClassName=Power Member=Component J300 XT30U-F
