Removed Pin From Net: NetName=GND Pin=Q300-3
Removed Pin From Net: NetName=GND Pin=Q301-3
Removed Pin From Net: NetName=+5V Pin=R302-1
Removed Pin From Net: NetName=+5V Pin=R303-2
Removed Pin From Net: NetName=+5V Pin=R309-1
Removed Pin From Net: NetName=+5V Pin=R311-1
Removed Pin From Net: NetName=FRONT_LED Pin=R312-1
Removed Pin From Net: NetName=+5V Pin=R313-1
Removed Member From Class: ClassName=Power Member=D302
Removed Member From Class: ClassName=Power Member=D303
Removed Member From Class: ClassName=Power Member=D308
Removed Member From Class: ClassName=Power Member=D309
Removed Member From Class: ClassName=Power Member=Q300
Removed Member From Class: ClassName=Power Member=Q301
Removed Member From Class: ClassName=Power Member=R302
Removed Member From Class: ClassName=Power Member=R303
Removed Member From Class: ClassName=Power Member=R309
Removed Member From Class: ClassName=Power Member=R311
Removed Member From Class: ClassName=Power Member=R312
Removed Member From Class: ClassName=Power Member=R313
