Added Component: Designator=C223(MLCC_0805_M)
Add component (AddParameter): Name = "Capacitor Type"; Value = "Ceramic"; VariantName = "[No Variations]"
Add component (AddParameter): Name = "Case/Package"; Value = "0805"; VariantName = "[No Variations]"
Add component (AddParameter): Name = "Dielectric"; Value = "X7R"; VariantName = "[No Variations]"
Add component (AddParameter): Name = "Manufacturer"; Value = "Any"; VariantName = "[No Variations]"
Add component (AddParameter): Name = "Mount"; Value = "SMD"; VariantName = "[No Variations]"
Add component (AddParameter): Name = "Part number"; Value = "MLCC, 0805, 100n, 10%, 35V, X7R"; VariantName = "[No Variations]"
Add component (AddParameter): Name = "Pins"; Value = ""; VariantName = "[No Variations]"
Add component (AddParameter): Name = "RoHS"; Value = "Yes"; VariantName = "[No Variations]"
Add component (AddParameter): Name = "Tolerance"; Value = "10%"; VariantName = "[No Variations]"
Add component (AddParameter): Name = "Value"; Value = "100nF"; VariantName = "[No Variations]"
Add component (AddParameter): Name = "Voltage"; Value = "35V"; VariantName = "[No Variations]"
Added Component: Designator=C224(MLCC_0805_M)
Add component (AddParameter): Name = "Capacitor Type"; Value = "Ceramic"; VariantName = "[No Variations]"
Add component (AddParameter): Name = "Case/Package"; Value = "0805"; VariantName = "[No Variations]"
Add component (AddParameter): Name = "Dielectric"; Value = "X7R"; VariantName = "[No Variations]"
Add component (AddParameter): Name = "Manufacturer"; Value = "Any"; VariantName = "[No Variations]"
Add component (AddParameter): Name = "Mount"; Value = "SMD"; VariantName = "[No Variations]"
Add component (AddParameter): Name = "Part number"; Value = "MLCC, 0805, 2.2u, 10%, 6.3V, X7R"; VariantName = "[No Variations]"
Add component (AddParameter): Name = "Pins"; Value = ""; VariantName = "[No Variations]"
Add component (AddParameter): Name = "RoHS"; Value = "Yes"; VariantName = "[No Variations]"
Add component (AddParameter): Name = "Tolerance"; Value = "10%"; VariantName = "[No Variations]"
Add component (AddParameter): Name = "Value"; Value = "2,2µF"; VariantName = "[No Variations]"
Add component (AddParameter): Name = "Voltage"; Value = "6,3V"; VariantName = "[No Variations]"
Added Component: Designator=C225(MLCC_0805_M)
Add component (AddParameter): Name = "Capacitor Type"; Value = "Ceramic"; VariantName = "[No Variations]"
Add component (AddParameter): Name = "Case/Package"; Value = "0805"; VariantName = "[No Variations]"
Add component (AddParameter): Name = "Dielectric"; Value = "X7R"; VariantName = "[No Variations]"
Add component (AddParameter): Name = "Manufacturer"; Value = "Any"; VariantName = "[No Variations]"
Add component (AddParameter): Name = "Mount"; Value = "SMD"; VariantName = "[No Variations]"
Add component (AddParameter): Name = "Part number"; Value = "MLCC, 0805, 10u, 10%, 25V, X7R"; VariantName = "[No Variations]"
Add component (AddParameter): Name = "Pins"; Value = ""; VariantName = "[No Variations]"
Add component (AddParameter): Name = "RoHS"; Value = "Yes"; VariantName = "[No Variations]"
Add component (AddParameter): Name = "Tolerance"; Value = "10%"; VariantName = "[No Variations]"
Add component (AddParameter): Name = "Value"; Value = "10µF"; VariantName = "[No Variations]"
Add component (AddParameter): Name = "Voltage"; Value = "25V"; VariantName = "[No Variations]"
Added Component: Designator=C226(MLCC_0805_M)
Add component (AddParameter): Name = "Capacitor Type"; Value = "Ceramic"; VariantName = "[No Variations]"
Add component (AddParameter): Name = "Case/Package"; Value = "0805"; VariantName = "[No Variations]"
Add component (AddParameter): Name = "Dielectric"; Value = "X7R"; VariantName = "[No Variations]"
Add component (AddParameter): Name = "Manufacturer"; Value = "Any"; VariantName = "[No Variations]"
Add component (AddParameter): Name = "Mount"; Value = "SMD"; VariantName = "[No Variations]"
Add component (AddParameter): Name = "Part number"; Value = "MLCC, 0805, 10u, 10%, 25V, X7R"; VariantName = "[No Variations]"
Add component (AddParameter): Name = "Pins"; Value = ""; VariantName = "[No Variations]"
Add component (AddParameter): Name = "RoHS"; Value = "Yes"; VariantName = "[No Variations]"
Add component (AddParameter): Name = "Tolerance"; Value = "10%"; VariantName = "[No Variations]"
Add component (AddParameter): Name = "Value"; Value = "10µF"; VariantName = "[No Variations]"
Add component (AddParameter): Name = "Voltage"; Value = "25V"; VariantName = "[No Variations]"
Added Component: Designator=D207(0603 RED LED)
Add component (AddParameter): Name = "Case/Package"; Value = "0603"; VariantName = "[No Variations]"
Add component (AddParameter): Name = "Color"; Value = "Red"; VariantName = "[No Variations]"
Add component (AddParameter): Name = "Manufacturer"; Value = "Any"; VariantName = "[No Variations]"
Add component (AddParameter): Name = "Mount"; Value = "SMD"; VariantName = "[No Variations]"
Add component (AddParameter): Name = "Part number"; Value = "Any Red 0603 LED"; VariantName = "[No Variations]"
Add component (AddParameter): Name = "Pins"; Value = ""; VariantName = "[No Variations]"
Add component (AddParameter): Name = "RoHS"; Value = "Yes"; VariantName = "[No Variations]"
Added Component: Designator=D208(0603 RED LED)
Add component (AddParameter): Name = "Case/Package"; Value = "0603"; VariantName = "[No Variations]"
Add component (AddParameter): Name = "Color"; Value = "Red"; VariantName = "[No Variations]"
Add component (AddParameter): Name = "Manufacturer"; Value = "Any"; VariantName = "[No Variations]"
Add component (AddParameter): Name = "Mount"; Value = "SMD"; VariantName = "[No Variations]"
Add component (AddParameter): Name = "Part number"; Value = "Any Red 0603 LED"; VariantName = "[No Variations]"
Add component (AddParameter): Name = "Pins"; Value = ""; VariantName = "[No Variations]"
Add component (AddParameter): Name = "RoHS"; Value = "Yes"; VariantName = "[No Variations]"
Added Component: Designator=L201(IHLP2525BDER8R2M01-Footprint-1)
Add component (AddParameter): Name = "Case/Package"; Value = "2525"; VariantName = "[No Variations]"
Add component (AddParameter): Name = "China RoHS"; Value = "Compliant"; VariantName = "[No Variations]"
Add component (AddParameter): Name = "Composition"; Value = "Wirewound"; VariantName = "[No Variations]"
Add component (AddParameter): Name = "Core Material"; Value = "Composite"; VariantName = "[No Variations]"
Add component (AddParameter): Name = "Current Rating"; Value = "3A"; VariantName = "[No Variations]"
Add component (AddParameter): Name = "DC Resistance (DCR)"; Value = "106mO"; VariantName = "[No Variations]"
Add component (AddParameter): Name = "Depth"; Value = "6.72mm"; VariantName = "[No Variations]"
Add component (AddParameter): Name = "ESR"; Value = "106mO"; VariantName = "[No Variations]"
Add component (AddParameter): Name = "Height"; Value = "2.4mm"; VariantName = "[No Variations]"
Add component (AddParameter): Name = "Height - Seated (Max)"; Value = "2.3876mm"; VariantName = "[No Variations]"
Add component (AddParameter): Name = "Inductance Tolerance"; Value = "20%"; VariantName = "[No Variations]"
Add component (AddParameter): Name = "Lead Free"; Value = "Lead Free"; VariantName = "[No Variations]"
Add component (AddParameter): Name = "Lifecycle Status"; Value = "Production"; VariantName = "[No Variations]"
Add component (AddParameter): Name = "Manufacturer"; Value = "Vishay"; VariantName = "[No Variations]"
Add component (AddParameter): Name = "Max Current Rating"; Value = "3A"; VariantName = "[No Variations]"
Add component (AddParameter): Name = "Max DC Current"; Value = "8A"; VariantName = "[No Variations]"
Add component (AddParameter): Name = "Max Operating Temperature"; Value = "125°C"; VariantName = "[No Variations]"
Add component (AddParameter): Name = "Military Standard"; Value = "Not"; VariantName = "[No Variations]"
Add component (AddParameter): Name = "Min Operating Temperature"; Value = "-55°C"; VariantName = "[No Variations]"
Add component (AddParameter): Name = "Mount"; Value = "SMD"; VariantName = "[No Variations]"
Add component (AddParameter): Name = "Mounting Technology"; Value = "Surface Mount"; VariantName = "[No Variations]"
Add component (AddParameter): Name = "Number of Circuits"; Value = "1"; VariantName = "[No Variations]"
Add component (AddParameter): Name = "Number of Terminals"; Value = "2"; VariantName = "[No Variations]"
Add component (AddParameter): Name = "Part number"; Value = "IHLP2525BDER8R2M01"; VariantName = "[No Variations]"
Add component (AddParameter): Name = "Pins"; Value = "2"; VariantName = "[No Variations]"
Add component (AddParameter): Name = "Radiation Hardening"; Value = "No"; VariantName = "[No Variations]"
Add component (AddParameter): Name = "REACH SVHC"; Value = "Yes"; VariantName = "[No Variations]"
Add component (AddParameter): Name = "RMS Current (Irms)"; Value = "3A"; VariantName = "[No Variations]"
Add component (AddParameter): Name = "RoHS"; Value = "Compliant"; VariantName = "[No Variations]"
Add component (AddParameter): Name = "Saturation Current"; Value = "8A"; VariantName = "[No Variations]"
Add component (AddParameter): Name = "Schedule B"; Value = "8504500000, 8504500000"; VariantName = "[No Variations]"
Add component (AddParameter): Name = "Self Resonant Frequency"; Value = "5MHz"; VariantName = "[No Variations]"
Add component (AddParameter): Name = "Shielding"; Value = "Yes"; VariantName = "[No Variations]"
Add component (AddParameter): Name = "Termination"; Value = "SMD/SMT"; VariantName = "[No Variations]"
Add component (AddParameter): Name = "Test Frequency"; Value = "100kHz"; VariantName = "[No Variations]"
Add component (AddParameter): Name = "Tolerance"; Value = "20%"; VariantName = "[No Variations]"
Add component (AddParameter): Name = "Value"; Value = "84.2mO"; VariantName = "[No Variations]"
Add component (AddParameter): Name = "Width"; Value = "6.47mm"; VariantName = "[No Variations]"
Added Component: Designator=R223(Resistor_0603_M)
Add component (AddParameter): Name = "Case/Package"; Value = "0603"; VariantName = "[No Variations]"
Add component (AddParameter): Name = "Current"; Value = ""; VariantName = "[No Variations]"
Add component (AddParameter): Name = "Manufacturer"; Value = "Any"; VariantName = "[No Variations]"
Add component (AddParameter): Name = "Mount"; Value = "SMD"; VariantName = "[No Variations]"
Add component (AddParameter): Name = "Part number"; Value = "Resistor, 0603, 22.1k, 1%, 1/10W"; VariantName = "[No Variations]"
Add component (AddParameter): Name = "Pins"; Value = ""; VariantName = "[No Variations]"
Add component (AddParameter): Name = "Power"; Value = "100mW"; VariantName = "[No Variations]"
Add component (AddParameter): Name = "RoHS"; Value = "Yes"; VariantName = "[No Variations]"
Add component (AddParameter): Name = "Tolerance"; Value = "1%"; VariantName = "[No Variations]"
Add component (AddParameter): Name = "Value"; Value = "22.1k"; VariantName = "[No Variations]"
Add component (AddParameter): Name = "Voltage"; Value = ""; VariantName = "[No Variations]"
Added Component: Designator=R224(Resistor_0603_M)
Add component (AddParameter): Name = "Case/Package"; Value = "0603"; VariantName = "[No Variations]"
Add component (AddParameter): Name = "Current"; Value = ""; VariantName = "[No Variations]"
Add component (AddParameter): Name = "Manufacturer"; Value = "Any"; VariantName = "[No Variations]"
Add component (AddParameter): Name = "Mount"; Value = "SMD"; VariantName = "[No Variations]"
Add component (AddParameter): Name = "Part number"; Value = "Resistor, 0603, 51k, 1%, 1/10W"; VariantName = "[No Variations]"
Add component (AddParameter): Name = "Pins"; Value = ""; VariantName = "[No Variations]"
Add component (AddParameter): Name = "Power"; Value = "100mW"; VariantName = "[No Variations]"
Add component (AddParameter): Name = "RoHS"; Value = "Yes"; VariantName = "[No Variations]"
Add component (AddParameter): Name = "Tolerance"; Value = "1%"; VariantName = "[No Variations]"
Add component (AddParameter): Name = "Value"; Value = "51k"; VariantName = "[No Variations]"
Add component (AddParameter): Name = "Voltage"; Value = ""; VariantName = "[No Variations]"
Added Component: Designator=R225(Resistor_0402_M)
Add component (AddParameter): Name = "Case/Package"; Value = "0402"; VariantName = "[No Variations]"
Add component (AddParameter): Name = "Current"; Value = ""; VariantName = "[No Variations]"
Add component (AddParameter): Name = "Manufacturer"; Value = "Any"; VariantName = "[No Variations]"
Add component (AddParameter): Name = "Mount"; Value = "SMD"; VariantName = "[No Variations]"
Add component (AddParameter): Name = "Part number"; Value = "Resistor, 0402, 3k, 1%, 1/16W"; VariantName = "[No Variations]"
Add component (AddParameter): Name = "Pins"; Value = ""; VariantName = "[No Variations]"
Add component (AddParameter): Name = "Power"; Value = "62mW"; VariantName = "[No Variations]"
Add component (AddParameter): Name = "RoHS"; Value = "Yes"; VariantName = "[No Variations]"
Add component (AddParameter): Name = "Tolerance"; Value = "1%"; VariantName = "[No Variations]"
Add component (AddParameter): Name = "Value"; Value = "3k"; VariantName = "[No Variations]"
Add component (AddParameter): Name = "Voltage"; Value = ""; VariantName = "[No Variations]"
Added Component: Designator=R226(Resistor_0603_M)
Add component (AddParameter): Name = "Case/Package"; Value = "0603"; VariantName = "[No Variations]"
Add component (AddParameter): Name = "Current"; Value = ""; VariantName = "[No Variations]"
Add component (AddParameter): Name = "Manufacturer"; Value = "Any"; VariantName = "[No Variations]"
Add component (AddParameter): Name = "Mount"; Value = "SMD"; VariantName = "[No Variations]"
Add component (AddParameter): Name = "Part number"; Value = "Resistor, 0603, 200R, 1%, 1/10W"; VariantName = "[No Variations]"
Add component (AddParameter): Name = "Pins"; Value = ""; VariantName = "[No Variations]"
Add component (AddParameter): Name = "Power"; Value = "100mW"; VariantName = "[No Variations]"
Add component (AddParameter): Name = "RoHS"; Value = "Yes"; VariantName = "[No Variations]"
Add component (AddParameter): Name = "Tolerance"; Value = "1%"; VariantName = "[No Variations]"
Add component (AddParameter): Name = "Value"; Value = "200"; VariantName = "[No Variations]"
Add component (AddParameter): Name = "Voltage"; Value = ""; VariantName = "[No Variations]"
Added Component: Designator=R227(Resistor_0603_M)
Add component (AddParameter): Name = "Case/Package"; Value = "0603"; VariantName = "[No Variations]"
Add component (AddParameter): Name = "Current"; Value = ""; VariantName = "[No Variations]"
Add component (AddParameter): Name = "Manufacturer"; Value = "Any"; VariantName = "[No Variations]"
Add component (AddParameter): Name = "Mount"; Value = "SMD"; VariantName = "[No Variations]"
Add component (AddParameter): Name = "Part number"; Value = "Resistor, 0603, 200R, 1%, 1/10W"; VariantName = "[No Variations]"
Add component (AddParameter): Name = "Pins"; Value = ""; VariantName = "[No Variations]"
Add component (AddParameter): Name = "Power"; Value = "100mW"; VariantName = "[No Variations]"
Add component (AddParameter): Name = "RoHS"; Value = "Yes"; VariantName = "[No Variations]"
Add component (AddParameter): Name = "Tolerance"; Value = "1%"; VariantName = "[No Variations]"
Add component (AddParameter): Name = "Value"; Value = "200"; VariantName = "[No Variations]"
Add component (AddParameter): Name = "Voltage"; Value = ""; VariantName = "[No Variations]"
Added Component: Designator=R228(Resistor_0603_M)
Add component (AddParameter): Name = "Case/Package"; Value = "0603"; VariantName = "[No Variations]"
Add component (AddParameter): Name = "Current"; Value = ""; VariantName = "[No Variations]"
Add component (AddParameter): Name = "Manufacturer"; Value = "Any"; VariantName = "[No Variations]"
Add component (AddParameter): Name = "Mount"; Value = "SMD"; VariantName = "[No Variations]"
Add component (AddParameter): Name = "Part number"; Value = "Any"; VariantName = "[No Variations]"
Add component (AddParameter): Name = "Pins"; Value = ""; VariantName = "[No Variations]"
Add component (AddParameter): Name = "Power"; Value = ""; VariantName = "[No Variations]"
Add component (AddParameter): Name = "RoHS"; Value = "Yes"; VariantName = "[No Variations]"
Add component (AddParameter): Name = "Tolerance"; Value = ""; VariantName = "[No Variations]"
Add component (AddParameter): Name = "Value"; Value = "1k"; VariantName = "[No Variations]"
Add component (AddParameter): Name = "Voltage"; Value = ""; VariantName = "[No Variations]"
Added Component: Designator=U204(TSOT26)
Add component (AddParameter): Name = "Case/Package"; Value = "TSOT26"; VariantName = "[No Variations]"
Add component (AddParameter): Name = "Height - Seated (Max)"; Value = "1mm"; VariantName = "[No Variations]"
Add component (AddParameter): Name = "Length"; Value = "2.9mm"; VariantName = "[No Variations]"
Add component (AddParameter): Name = "Lifecycle Status"; Value = "Production"; VariantName = "[No Variations]"
Add component (AddParameter): Name = "Manufacturer"; Value = "Diodes Incorporated"; VariantName = "[No Variations]"
Add component (AddParameter): Name = "Max Operating Temperature"; Value = "125°C"; VariantName = "[No Variations]"
Add component (AddParameter): Name = "Max Output current"; Value = "600mA"; VariantName = "[No Variations]"
Add component (AddParameter): Name = "Max Output Voltage"; Value = "26V"; VariantName = "[No Variations]"
Add component (AddParameter): Name = "Max Supply Voltage"; Value = "40V"; VariantName = "[No Variations]"
Add component (AddParameter): Name = "Max Switching Frequency"; Value = "2.2MHz"; VariantName = "[No Variations]"
Add component (AddParameter): Name = "Min Input Voltage"; Value = "4.5V"; VariantName = "[No Variations]"
Add component (AddParameter): Name = "Min Operating Temperature"; Value = "-40°C"; VariantName = "[No Variations]"
Add component (AddParameter): Name = "Min Output Voltage"; Value = "800mV"; VariantName = "[No Variations]"
Add component (AddParameter): Name = "Mount"; Value = "SMD"; VariantName = "[No Variations]"
Add component (AddParameter): Name = "Nominal Output Voltage"; Value = "5V"; VariantName = "[No Variations]"
Add component (AddParameter): Name = "Nominal Supply Voltage"; Value = "12V"; VariantName = "[No Variations]"
Add component (AddParameter): Name = "Number of Circuits"; Value = "1"; VariantName = "[No Variations]"
Add component (AddParameter): Name = "Number of Terminals"; Value = "6"; VariantName = "[No Variations]"
Add component (AddParameter): Name = "Part number"; Value = "6"; VariantName = "[No Variations]"
Add component (AddParameter): Name = "Pins"; Value = ""; VariantName = "[No Variations]"
Add component (AddParameter): Name = "REACH SVHC"; Value = "Yes"; VariantName = "[No Variations]"
Add component (AddParameter): Name = "RoHS"; Value = "Compliant"; VariantName = "[No Variations]"
Add component (AddParameter): Name = "Terminal Pitch"; Value = "950µm"; VariantName = "[No Variations]"
Add component (AddParameter): Name = "Topology"; Value = "Buck"; VariantName = "[No Variations]"
Add component (AddParameter): Name = "Width"; Value = "1.6mm"; VariantName = "[No Variations]"
Added Pin To Net: NetName=GND Pin=C224-1
Added Pin To Net: NetName=+12V Pin=C224-2
Added Pin To Net: NetName=GND Pin=C225-1
Added Pin To Net: NetName=GND Pin=C226-1
Added Pin To Net: NetName=GND Pin=D207-1
Added Pin To Net: NetName=GND Pin=D208-1
Added Pin To Net: NetName=GND Pin=R224-1
Added Pin To Net: NetName=+12V Pin=R225-2
Added Pin To Net: NetName=GND Pin=R228-1
Added Pin To Net: NetName=SWP Pin=U200-16
Added Pin To Net: NetName=SWN Pin=U200-17
Added Pin To Net: NetName=CSN Pin=U200-25
Added Pin To Net: NetName=SCK Pin=U200-26
Added Pin To Net: NetName=SDO Pin=U200-27
Added Pin To Net: NetName=SDI Pin=U200-28
Added Pin To Net: NetName=GND Pin=U201-12
Added Pin To Net: NetName=GND Pin=U204-2
Added Pin To Net: NetName=+12V Pin=U204-4
Added Pin To Net: NetName=+12V Pin=U204-5
Added Pin To Net: NetName=+3V3 Pin=C225-2
Added Pin To Net: NetName=+3V3 Pin=C226-2
Added Pin To Net: NetName=+3V3 Pin=L201-2
Added Pin To Net: NetName=+3V3 Pin=R223-2
Added Pin To Net: NetName=+3V3 Pin=R226-1
Added Net: Name=+3V3
Added Pin To Net: NetName=NetC223_1 Pin=C223-1
Added Pin To Net: NetName=NetC223_1 Pin=U204-1
Added Net: Name=NetC223_1
Added Pin To Net: NetName=NetC223_2 Pin=C223-2
Added Pin To Net: NetName=NetC223_2 Pin=L201-1
Added Pin To Net: NetName=NetC223_2 Pin=U204-6
Added Net: Name=NetC223_2
Added Pin To Net: NetName=NetD207_2 Pin=D207-2
Added Pin To Net: NetName=NetD207_2 Pin=R227-2
Added Net: Name=NetD207_2
Added Pin To Net: NetName=NetD208_2 Pin=D208-2
Added Pin To Net: NetName=NetD208_2 Pin=R226-2
Added Net: Name=NetD208_2
Added Pin To Net: NetName=NetR223_1 Pin=R223-1
Added Pin To Net: NetName=NetR223_1 Pin=R224-2
Added Pin To Net: NetName=NetR223_1 Pin=U204-3
Added Net: Name=NetR223_1
Added Pin To Net: NetName=NetR225_1 Pin=R225-1
Added Pin To Net: NetName=NetR225_1 Pin=R227-1
Added Pin To Net: NetName=NetR225_1 Pin=R228-2
Added Net: Name=NetR225_1
Added Member To Class: ClassName=RX Member=Component C223 100n
Added Member To Class: ClassName=RX Member=Component C224 2.2u
Added Member To Class: ClassName=RX Member=Component C225 10u
Added Member To Class: ClassName=RX Member=Component C226 10u
Added Member To Class: ClassName=RX Member=Component D207 Red
Added Member To Class: ClassName=RX Member=Component D208 Red
Added Member To Class: ClassName=RX Member=Component L201 8.2uH
Added Member To Class: ClassName=RX Member=Component R223 22.1k
Added Member To Class: ClassName=RX Member=Component R224 51k
Added Member To Class: ClassName=RX Member=Component R225 3k
Added Member To Class: ClassName=RX Member=Component R226 200R
Added Member To Class: ClassName=RX Member=Component R227 200R
Added Member To Class: ClassName=RX Member=Component R228 1k
Added Member To Class: ClassName=RX Member=Component U204 AP64060ZQWU-7
Added Rule: Name=Schematic Supply Nets_3
