Change Component Designator: Old Designator=C? New Designator=C200
Change Component Designator: Old Designator=C? New Designator=C201
Change Component Designator: Old Designator=C? New Designator=C202
Change Component Designator: Old Designator=C? New Designator=C203
Change Component Designator: Old Designator=C? New Designator=C204
Change Component Designator: Old Designator=C? New Designator=C205
Change Component Designator: Old Designator=C? New Designator=C206
Change Component Designator: Old Designator=C? New Designator=C207
Change Component Designator: Old Designator=C? New Designator=C208
Change Component Designator: Old Designator=C? New Designator=C209
Change Component Designator: Old Designator=C? New Designator=C210
Change Component Designator: Old Designator=C? New Designator=C211
Change Component Designator: Old Designator=C? New Designator=C212
Change Component Designator: Old Designator=C? New Designator=C213
Change Component Designator: Old Designator=C? New Designator=C214
Change Component Designator: Old Designator=C? New Designator=C215
Change Component Designator: Old Designator=C? New Designator=C216
Change Component Designator: Old Designator=C? New Designator=C217
Change Component Designator: Old Designator=C? New Designator=C218
Change Component Designator: Old Designator=C? New Designator=C219
Change Component Designator: Old Designator=C? New Designator=C220
Change Component Designator: Old Designator=C? New Designator=C221
Change Component Designator: Old Designator=C? New Designator=C222
Change Component Designator: Old Designator=D? New Designator=D200
Change Component Designator: Old Designator=D? New Designator=D201
Change Component Designator: Old Designator=D? New Designator=D202
Change Component Designator: Old Designator=D? New Designator=D203
Change Component Designator: Old Designator=D? New Designator=D204
Change Component Designator: Old Designator=D? New Designator=D205
Change Component Designator: Old Designator=D? New Designator=D206
Change Component Designator: Old Designator=L? New Designator=L200
Change Component Designator: Old Designator=P? New Designator=P200
Change Component Designator: Old Designator=P? New Designator=P201
Change Component Designator: Old Designator=P? New Designator=P202
Change Component Designator: Old Designator=P? New Designator=P203
Change Component Designator: Old Designator=P? New Designator=P204
Change Component Designator: Old Designator=Q? New Designator=Q200
Change Component Designator: Old Designator=Q? New Designator=Q201
Change Component Designator: Old Designator=Q? New Designator=Q202
Change Component Designator: Old Designator=Q? New Designator=Q203
Change Component Designator: Old Designator=Q? New Designator=Q204
Change Component Designator: Old Designator=Q? New Designator=Q205
Change Component Designator: Old Designator=Q? New Designator=Q206
Change Component Designator: Old Designator=Q? New Designator=Q207
Change Component Designator: Old Designator=Q? New Designator=Q208
Change Component Designator: Old Designator=Q? New Designator=Q209
Change Component Designator: Old Designator=R? New Designator=R200
Change Component Designator: Old Designator=R? New Designator=R201
Change Component Designator: Old Designator=R? New Designator=R202
Change Component Designator: Old Designator=R? New Designator=R203
Change Component Designator: Old Designator=R? New Designator=R204
Change Component Designator: Old Designator=R? New Designator=R205
Change Component Designator: Old Designator=R? New Designator=R206
Change Component Designator: Old Designator=R? New Designator=R207
Change Component Designator: Old Designator=R? New Designator=R208
Change Component Designator: Old Designator=R? New Designator=R209
Change Component Designator: Old Designator=R? New Designator=R210
Change Component Designator: Old Designator=R? New Designator=R211
Change Component Designator: Old Designator=R? New Designator=R212
Change Component Designator: Old Designator=R? New Designator=R213
Change Component Designator: Old Designator=R? New Designator=R214
Change Component Designator: Old Designator=R? New Designator=R215
Change Component Designator: Old Designator=R? New Designator=R216
Change Component Designator: Old Designator=R? New Designator=R217
Change Component Designator: Old Designator=R? New Designator=R218
Change Component Designator: Old Designator=R? New Designator=R219
Change Component Designator: Old Designator=R? New Designator=R220
Change Component Designator: Old Designator=R? New Designator=R221
Change Component Designator: Old Designator=R? New Designator=R222
Change Component Designator: Old Designator=S? New Designator=S200
Change Component Designator: Old Designator=SW? New Designator=SW200
Change Component Designator: Old Designator=U? New Designator=U201
Change Component Designator: Old Designator=U? New Designator=U202
Change Component Designator: Old Designator=U? New Designator=U203
Change Component Designator: Old Designator=U? New Designator=U200
Change Component Designator: Old Designator=U? New Designator=U200
Change Component Designator: Old Designator=Xtal? New Designator=Xtal200
