Removed Pin From Net: NetName=GND Pin=C111-1
Removed Pin From Net: NetName=GND Pin=C112-1
Removed Pin From Net: NetName=GND Pin=C113-1
Removed Pin From Net: NetName=GND Pin=C114-1
Removed Pin From Net: NetName=GND Pin=C115-1
Removed Pin From Net: NetName=3V3 Pin=J101-1
Removed Pin From Net: NetName=JOY_V Pin=J101-2
Removed Pin From Net: NetName=JOY_H Pin=J101-4
Removed Pin From Net: NetName=GND Pin=J101-5
Removed Pin From Net: NetName=JOY_SEL Pin=J101-6
Removed Pin From Net: NetName=SW_L Pin=J104-1
Removed Pin From Net: NetName=3V3 Pin=J104-2
Removed Pin From Net: NetName=GND Pin=J104-4
Removed Pin From Net: NetName=3V3 Pin=J105-2
Removed Pin From Net: NetName=SW_R Pin=J105-3
Removed Pin From Net: NetName=GND Pin=J105-4
Removed Pin From Net: NetName=3V3 Pin=R108-2
Removed Pin From Net: NetName=SW_L Pin=R109-2
Removed Pin From Net: NetName=3V3 Pin=R110-2
Removed Pin From Net: NetName=3V3 Pin=R111-2
Removed Pin From Net: NetName=3V3 Pin=R112-2
Removed Pin From Net: NetName=JOY_V Pin=R113-2
Removed Pin From Net: NetName=JOY_H Pin=R114-2
Removed Pin From Net: NetName=JOY_SEL Pin=R115-2
Removed Pin From Net: NetName=3V3 Pin=R116-2
Removed Pin From Net: NetName=SW_R Pin=R117-2
Removed Pin From Net: NetName=GND Pin=S100-B1A
Removed Pin From Net: NetName=GND Pin=S100-B1B
Removed Pin From Net: NetName=3V3 Pin=S100-H1
Removed Pin From Net: NetName=GND Pin=S100-H3
Removed Pin From Net: NetName=GND Pin=S100-S1
Removed Pin From Net: NetName=GND Pin=S100-S2
Removed Pin From Net: NetName=GND Pin=S100-S3
Removed Pin From Net: NetName=GND Pin=S100-S4
Removed Pin From Net: NetName=3V3 Pin=S100-V1
Removed Pin From Net: NetName=GND Pin=S100-V3
Removed Pin From Net: NetName=GND Pin=SW100-1
Removed Pin From Net: NetName=GND Pin=SW100-2
Removed Pin From Net: NetName=GND Pin=SW100-4
Removed Pin From Net: NetName=GND Pin=SW100-5
Removed Pin From Net: NetName=GND Pin=SW102-1
Removed Pin From Net: NetName=GND Pin=SW102-2
Removed Pin From Net: NetName=GND Pin=SW102-4
Removed Pin From Net: NetName=GND Pin=SW102-5
Added Pin To Net: NetName=J_3V3 Pin=J101-1
Added Pin To Net: NetName=J_3V3 Pin=R110-2
Added Pin To Net: NetName=J_3V3 Pin=R111-2
Added Pin To Net: NetName=J_3V3 Pin=R112-2
Added Pin To Net: NetName=J_3V3 Pin=S100-H1
Added Pin To Net: NetName=J_3V3 Pin=S100-V1
Added Net: Name=J_3V3
Added Pin To Net: NetName=J_GND Pin=C113-1
Added Pin To Net: NetName=J_GND Pin=C114-1
Added Pin To Net: NetName=J_GND Pin=C115-1
Added Pin To Net: NetName=J_GND Pin=J101-5
Added Pin To Net: NetName=J_GND Pin=S100-H3
Added Pin To Net: NetName=J_GND Pin=S100-S2
Added Pin To Net: NetName=J_GND Pin=S100-S3
Added Pin To Net: NetName=J_GND Pin=S100-S4
Added Pin To Net: NetName=J_GND Pin=S100-V3
Added Pin To Net: NetName=J_GND Pin=S100-B1A
Added Pin To Net: NetName=J_GND Pin=S100-B1B
Added Net: Name=J_GND
Added Pin To Net: NetName=JOYH Pin=J101-4
Added Pin To Net: NetName=JOYH Pin=R114-2
Added Net: Name=JOYH
Added Pin To Net: NetName=JOYSEL Pin=J101-6
Added Pin To Net: NetName=JOYSEL Pin=R115-2
Added Net: Name=JOYSEL
Added Pin To Net: NetName=JOYV Pin=J101-2
Added Pin To Net: NetName=JOYV Pin=R113-2
Added Net: Name=JOYV
Added Pin To Net: NetName=SL_3V3 Pin=J104-2
Added Pin To Net: NetName=SL_3V3 Pin=R108-2
Added Net: Name=SL_3V3
Added Pin To Net: NetName=SL_GND Pin=C111-1
Added Pin To Net: NetName=SL_GND Pin=J104-4
Added Pin To Net: NetName=SL_GND Pin=SW100-1
Added Pin To Net: NetName=SL_GND Pin=SW100-2
Added Pin To Net: NetName=SL_GND Pin=SW100-4
Added Pin To Net: NetName=SL_GND Pin=SW100-5
Added Net: Name=SL_GND
Added Pin To Net: NetName=SR_3V3 Pin=J105-2
Added Pin To Net: NetName=SR_3V3 Pin=R116-2
Added Net: Name=SR_3V3
Added Pin To Net: NetName=SR_GND Pin=C112-1
Added Pin To Net: NetName=SR_GND Pin=J105-4
Added Pin To Net: NetName=SR_GND Pin=SW102-1
Added Pin To Net: NetName=SR_GND Pin=SW102-2
Added Pin To Net: NetName=SR_GND Pin=SW102-4
Added Pin To Net: NetName=SR_GND Pin=SW102-5
Added Net: Name=SR_GND
Added Pin To Net: NetName=SWL Pin=J104-1
Added Pin To Net: NetName=SWL Pin=R109-2
Added Net: Name=SWL
Added Pin To Net: NetName=SWR Pin=J105-3
Added Pin To Net: NetName=SWR Pin=R117-2
Added Net: Name=SWR
Added Rule: Name=Schematic Supply Nets
Added Rule: Name=Schematic Supply Nets_4
Added Rule: Name=Schematic Supply Nets_6
Added Rule: Name=Schematic Supply Nets_7
Added Rule: Name=Schematic Supply Nets_8
Added Rule: Name=Schematic Supply Nets_9
