Added Differential Pair: Name=USB_D
Added Member To Class: ClassName=TX Member=Component C100 4.7u
Added Member To Class: ClassName=TX Member=Component C104 1u
Added Member To Class: ClassName=TX Member=Component C105 100n
Added Member To Class: ClassName=TX Member=Component C109 10u
Added Member To Class: ClassName=TX Member=Component C110 TCJB226M025R0150
Added Member To Class: ClassName=TX Member=Component C113 100n
Added Member To Class: ClassName=TX Member=Component C114 100n
Added Member To Class: ClassName=TX Member=Component C115 100n
Added Member To Class: ClassName=TX Member=Component C116 100n
Added Member To Class: ClassName=TX Member=Component D100 MBR1020VL_R1_00001
Added Member To Class: ClassName=TX Member=Component D101 SP0503BAHT
Added Member To Class: ClassName=TX Member=Component P102 PH1-02-UA
Added Member To Class: ClassName=TX Member=Component R101 5.1k
Added Member To Class: ClassName=TX Member=Component R102 22R
Added Member To Class: ClassName=TX Member=Component R103 22R
Added Member To Class: ClassName=TX Member=Component R104 1M
Added Member To Class: ClassName=TX Member=Component R105 200R
Added Member To Class: ClassName=TX Member=Component R106 200R
Added Member To Class: ClassName=TX Member=Component R107 200R
Added Member To Class: ClassName=TX Member=Component R108 10k
Added Member To Class: ClassName=TX Member=Component R110 10k
Added Member To Class: ClassName=TX Member=Component R112 10k
Added Member To Class: ClassName=TX Member=Component R114 100R
Added Member To Class: ClassName=TX Member=Component U101 FS1000A
