Change Component Designator: Old Designator=C100 New Designator=C104
Change Component Designator: Old Designator=C101 New Designator=C105
Change Component Designator: Old Designator=C102 New Designator=C101
Change Component Designator: Old Designator=C103 New Designator=C102
Change Component Designator: Old Designator=C104 New Designator=C103
Change Component Designator: Old Designator=C105 New Designator=C100
Change Component Designator: Old Designator=C109 New Designator=C111
Change Component Designator: Old Designator=C110 New Designator=C113
Change Component Designator: Old Designator=C111 New Designator=C114
Change Component Designator: Old Designator=C112 New Designator=C115
Change Component Designator: Old Designator=C113 New Designator=C112
Change Component Designator: Old Designator=C114 New Designator=C116
Change Component Designator: Old Designator=C115 New Designator=C117
Change Component Designator: Old Designator=C116 New Designator=C118
Change Component Designator: Old Designator=C? New Designator=C109
Change Component Designator: Old Designator=C? New Designator=C110
Change Component Designator: Old Designator=D100 New Designator=D101
Change Component Designator: Old Designator=D? New Designator=D100
Change Component Designator: Old Designator=D? New Designator=D103
Change Component Designator: Old Designator=D? New Designator=D104
Change Component Designator: Old Designator=J? New Designator=J101
Change Component Designator: Old Designator=J? New Designator=J102
Change Component Designator: Old Designator=J? New Designator=J103
Change Component Designator: Old Designator=J? New Designator=J104
Change Component Designator: Old Designator=J? New Designator=J105
Change Component Designator: Old Designator=P102 New Designator=P101
Change Component Designator: Old Designator=P? New Designator=P100
Change Component Designator: Old Designator=P? New Designator=P102
Change Component Designator: Old Designator=R100 New Designator=R101
Change Component Designator: Old Designator=R101 New Designator=R100
Change Component Designator: Old Designator=R102 New Designator=R104
Change Component Designator: Old Designator=R103 New Designator=R105
Change Component Designator: Old Designator=R104 New Designator=R107
Change Component Designator: Old Designator=R105 New Designator=R108
Change Component Designator: Old Designator=R106 New Designator=R109
Change Component Designator: Old Designator=R107 New Designator=R110
Change Component Designator: Old Designator=R108 New Designator=R111
Change Component Designator: Old Designator=R109 New Designator=R112
Change Component Designator: Old Designator=R110 New Designator=R113
Change Component Designator: Old Designator=R111 New Designator=R114
Change Component Designator: Old Designator=R112 New Designator=R115
Change Component Designator: Old Designator=R113 New Designator=R116
Change Component Designator: Old Designator=R114 New Designator=R117
Change Component Designator: Old Designator=R115 New Designator=R118
Change Component Designator: Old Designator=R116 New Designator=R119
Change Component Designator: Old Designator=R? New Designator=R102
Change Component Designator: Old Designator=R? New Designator=R103
Change Component Designator: Old Designator=R? New Designator=R106
Change Component Designator: Old Designator=R? New Designator=R120
Change Component Designator: Old Designator=U100 New Designator=U101
Change Component Designator: Old Designator=U101 New Designator=U100
Change Component Designator: Old Designator=U101 New Designator=U100
Change Component Designator: Old Designator=U? New Designator=U103
