Change Component DesignItemId : Designator=U1 Old DesignItemId=CMP-00022-2 New DesignItemId=CMP-00022-3
Change Component DesignItemId : Designator=U2 Old DesignItemId=CMP-00022-2 New DesignItemId=CMP-00022-3
Change Component Footprint: Designator=U1 Old Footprint=BTM9011EPXUMA1 New Footprint=BTM9011EPXUMA1
Change Component Footprint: Designator=U2 Old Footprint=BTM9011EPXUMA1 New Footprint=BTM9011EPXUMA1
Change Managed Component Library Link : Designator=U1 Old VaultGUID=149AB3FE-7166-46E8-BF6C-F7A47B5F1A6D New VaultGUID=149AB3FE-7166-46E8-BF6C-F7A47B5F1A6D Old ItemGUID=3dfb7488-bd5c-4ac9-a2d5-1140098f47b2 New ItemGUID=3dfb7488-bd5c-4ac9-a2d5-1140098f47b2 Old RevisionGUID=cd02089b-5753-4262-a0aa-c08fd5c7112a New RevisionGUID=3f2cfc48-5ca3-44a9-b500-a6a8aa232d22
Change Managed Component Library Link : Designator=U2 Old VaultGUID=149AB3FE-7166-46E8-BF6C-F7A47B5F1A6D New VaultGUID=149AB3FE-7166-46E8-BF6C-F7A47B5F1A6D Old ItemGUID=3dfb7488-bd5c-4ac9-a2d5-1140098f47b2 New ItemGUID=3dfb7488-bd5c-4ac9-a2d5-1140098f47b2 Old RevisionGUID=cd02089b-5753-4262-a0aa-c08fd5c7112a New RevisionGUID=3f2cfc48-5ca3-44a9-b500-a6a8aa232d22
Added Pin To Net: NetName=GND Pin=U1-15
Added Pin To Net: NetName=GND Pin=U2-15
Added Member To Class: ClassName=Motor driver Member=Component C1 4.7u
Added Member To Class: ClassName=Motor driver Member=Component C2 4.7u
Added Member To Class: ClassName=Motor driver Member=Component C3 100n
Added Member To Class: ClassName=Motor driver Member=Component C4 100n
Added Member To Class: ClassName=Motor driver Member=Component C5 100n
Added Member To Class: ClassName=Motor driver Member=Component C6 100n
Added Member To Class: ClassName=Motor driver Member=Component C7 15p
Added Member To Class: ClassName=Motor driver Member=Component C8 15p
Added Member To Class: ClassName=Power Member=Component C300 22u
Added Member To Class: ClassName=Power Member=Component C301 22u
Added Member To Class: ClassName=Power Member=Component C302 22u
Added Member To Class: ClassName=Power Member=Component C303 22u
Added Member To Class: ClassName=Power Member=Component C304 4.7u
Added Member To Class: ClassName=Power Member=Component C306 4.7u
Added Member To Class: ClassName=MCU and USB-C Member=Component C400 100n
Added Member To Class: ClassName=MCU and USB-C Member=Component C401 100n
Added Member To Class: ClassName=MCU and USB-C Member=Component C402 4.7u
Added Member To Class: ClassName=MCU and USB-C Member=Component C403 100n
Added Member To Class: ClassName=MCU and USB-C Member=Component C404 100n
Added Member To Class: ClassName=MCU and USB-C Member=Component C405 15p
Added Member To Class: ClassName=MCU and USB-C Member=Component C406 15p
Added Member To Class: ClassName=MCU and USB-C Member=Component C407 1n
Added Member To Class: ClassName=Power Member=Component D300 MBR1020VL_R1_00001
Added Member To Class: ClassName=Power Member=Component D301 VSSAF3M10HM3/H
Added Member To Class: ClassName=Power Member=Component D304 Red
Added Member To Class: ClassName=Power Member=Component D305 Red
Added Member To Class: ClassName=Power Member=Component D306 Red
Added Member To Class: ClassName=Power Member=Component D307 Red
Added Member To Class: ClassName=Power Member=Component D310 VSSAF3M10HM3/H
Added Member To Class: ClassName=MCU and USB-C Member=Component D400 MBR1020VL_R1_00001
Added Member To Class: ClassName=MCU and USB-C Member=Component J400 USB4085-GF-A
Added Member To Class: ClassName=Headers and Connectors Member=Component J500 7-215079-6
Added Member To Class: ClassName=Headers and Connectors Member=Component J501 7-215079-6
Added Member To Class: ClassName=Headers and Connectors Member=Component J502 7-215079-6
Added Member To Class: ClassName=Power Member=Component L300 74404054330
Added Member To Class: ClassName=Power Member=Component L301 74404043220A
Added Member To Class: ClassName=Power Member=Component P300 XT60 Male
Added Member To Class: ClassName=MCU and USB-C Member=Component P400 M20-9990345
Added Member To Class: ClassName=Headers and Connectors Member=Component P500 PH1-04-UA
Added Member To Class: ClassName=Headers and Connectors Member=Component P502 B6B-ZR(LF)(SN)
Added Member To Class: ClassName=Headers and Connectors Member=Component P503 B6B-ZR(LF)(SN)
Added Member To Class: ClassName=Motor driver Member=Component R1 2k
Added Member To Class: ClassName=Motor driver Member=Component R2 22R
Added Member To Class: ClassName=Motor driver Member=Component R3 22R
Added Member To Class: ClassName=Motor driver Member=Component R4 22R
Added Member To Class: ClassName=Motor driver Member=Component R5 22R
Added Member To Class: ClassName=Motor driver Member=Component R6 22R
Added Member To Class: ClassName=Motor driver Member=Component R7 22R
Added Member To Class: ClassName=Motor driver Member=Component R8 22R
Added Member To Class: ClassName=Power Member=Component R304 3k
Added Member To Class: ClassName=Power Member=Component R305 200R
Added Member To Class: ClassName=Power Member=Component R306 200R
Added Member To Class: ClassName=Power Member=Component R307 200R
Added Member To Class: ClassName=Power Member=Component R308 200R
Added Member To Class: ClassName=Power Member=Component R310 1k
Added Member To Class: ClassName=MCU and USB-C Member=Component R400 100R
Added Member To Class: ClassName=MCU and USB-C Member=Component R401 10k
Added Member To Class: ClassName=MCU and USB-C Member=Component R402 5.1k
Added Member To Class: ClassName=MCU and USB-C Member=Component R403 5.1k
Added Member To Class: ClassName=MCU and USB-C Member=Component R404 22R
Added Member To Class: ClassName=MCU and USB-C Member=Component R405 22R
Added Member To Class: ClassName=MCU and USB-C Member=Component R406 1.5k
Added Member To Class: ClassName=MCU and USB-C Member=Component R407 1M
Added Member To Class: ClassName=MCU and USB-C Member=Component S400 USLPT2819DT4TR
Added Member To Class: ClassName=Power Member=Component SW300 SW-T2-3A-A-A2-M2
Added Member To Class: ClassName=Motor driver Member=Component U1 BTM9011EPXUMA1
Added Member To Class: ClassName=Motor driver Member=Component U2 BTM9011EPXUMA1
Added Member To Class: ClassName=Power Member=Component U300 RAA2118034GP3#JA0
Added Member To Class: ClassName=Power Member=Component U301 RAA2118054GP3#JA0
Added Member To Class: ClassName=MCU and USB-C Member=Component U400 STM32F103C8T6
Added Member To Class: ClassName=Headers and Connectors Member=Component U500 XY-MK-5V RF
Added Member To Class: ClassName=MCU and USB-C Member=Component Xtal400 ABM11-16.000MHZ-12-N1G-T
